<?xml version="1.0" encoding="UTF-8"?>
<testsuite xmlns:xsi="http://www.w3.org/2001/XMLSchema-instance" xsi:noNamespaceSchemaLocation="https://maven.apache.org/surefire/maven-surefire-plugin/xsd/surefire-test-report-3.0.xsd" version="3.0" name="com.bezkoder.spring.jpa.postgresql.SpringBootJpaPostgresqlApplicationTests" time="3.914" tests="1" errors="0" skipped="0" failures="0">
  <properties>
[...]
</properties>
  <testcase name="contextLoads" classname="com.bezkoder.spring.jpa.postgresql.SpringBootJpaPostgresqlApplicationTests" time="0.361">
    <system-out><![CDATA[12:18:10.506 [main] INFO org.springframework.test.context.support.AnnotationConfigContextLoaderUtils -- Could not detect default configuration classes for test class [com.bezkoder.spring.jpa.postgresql.SpringBootJpaPostgresqlApplicationTests]: SpringBootJpaPostgresqlApplicationTests does not declare any static, non-private, non-final, nested classes annotated with @Configuration.
12:18:10.589 [main] INFO org.springframework.boot.test.context.SpringBootTestContextBootstrapper -- Found @SpringBootConfiguration com.bezkoder.spring.jpa.postgresql.SpringBootJpaPostgresqlApplication for test class com.bezkoder.spring.jpa.postgresql.SpringBootJpaPostgresqlApplicationTests

  .   ____          _            __ _ _
 /\\ / ___'_ __ _ _(_)_ __  __ _ \ \ \ \
( ( )\___ | '_ | '_| | '_ \/ _` | \ \ \ \
 \\/  ___)| |_)| | | | | || (_| |  ) ) ) )
  '  |____| .__|_| |_|_| |_\__, | / / / /
 =========|_|==============|___/=/_/_/_/
 :: Spring Boot ::                (v3.1.0)

2023-08-30T12:18:10.937+05:30  INFO 18832 --- [           main] .SpringBootJpaPostgresqlApplicationTests : Starting SpringBootJpaPostgresqlApplicationTests using Java 17.0.8 with PID 18832 (started by vinayakswe3 in C:\Users\vinayakswe3\Downloads\spring-boot-jpa-postgresql-master)
2023-08-30T12:18:10.939+05:30  INFO 18832 --- [           main] .SpringBootJpaPostgresqlApplicationTests : No active profile set, falling back to 1 default profile: "default"
2023-08-30T12:18:11.424+05:30  INFO 18832 --- [           main] .s.d.r.c.RepositoryConfigurationDelegate : Bootstrapping Spring Data JPA repositories in DEFAULT mode.
2023-08-30T12:18:11.471+05:30  INFO 18832 --- [           main] .s.d.r.c.RepositoryConfigurationDelegate : Finished Spring Data repository scanning in 39 ms. Found 1 JPA repository interfaces.
2023-08-30T12:18:11.817+05:30  INFO 18832 --- [           main] o.hibernate.jpa.internal.util.LogHelper  : HHH000204: Processing PersistenceUnitInfo [name: default]
2023-08-30T12:18:11.869+05:30  INFO 18832 --- [           main] org.hibernate.Version                    : HHH000412: Hibernate ORM core version 6.2.2.Final
2023-08-30T12:18:11.871+05:30  INFO 18832 --- [           main] org.hibernate.cfg.Environment            : HHH000406: Using bytecode reflection optimizer
2023-08-30T12:18:12.037+05:30  INFO 18832 --- [           main] o.h.b.i.BytecodeProviderInitiator        : HHH000021: Bytecode provider name : bytebuddy
2023-08-30T12:18:12.135+05:30  INFO 18832 --- [           main] o.s.o.j.p.SpringPersistenceUnitInfo      : No LoadTimeWeaver setup: ignoring JPA class transformer
2023-08-30T12:18:12.151+05:30  INFO 18832 --- [           main] com.zaxxer.hikari.HikariDataSource       : HikariPool-1 - Starting...
2023-08-30T12:18:12.463+05:30  INFO 18832 --- [           main] com.zaxxer.hikari.pool.HikariPool        : HikariPool-1 - Added connection org.postgresql.jdbc.PgConnection@774d8276
2023-08-30T12:18:12.466+05:30  INFO 18832 --- [           main] com.zaxxer.hikari.HikariDataSource       : HikariPool-1 - Start completed.
2023-08-30T12:18:12.502+05:30  INFO 18832 --- [           main] org.hibernate.orm.dialect                : HHH035001: Using dialect: org.hibernate.dialect.PostgreSQLDialect, version: org.hibernate.engine.jdbc.env.internal.JdbcEnvironmentInitiator$DialectResolutionInfoImpl@718989fa
2023-08-30T12:18:12.699+05:30  INFO 18832 --- [           main] o.h.b.i.BytecodeProviderInitiator        : HHH000021: Bytecode provider name : bytebuddy
2023-08-30T12:18:13.235+05:30  INFO 18832 --- [           main] o.h.e.t.j.p.i.JtaPlatformInitiator       : HHH000490: Using JtaPlatform implementation: [org.hibernate.engine.transaction.jta.platform.internal.NoJtaPlatform]
2023-08-30T12:18:13.264+05:30  INFO 18832 --- [           main] j.LocalContainerEntityManagerFactoryBean : Initialized JPA EntityManagerFactory for persistence unit 'default'
2023-08-30T12:18:13.639+05:30  WARN 18832 --- [           main] JpaBaseConfiguration$JpaWebConfiguration : spring.jpa.open-in-view is enabled by default. Therefore, database queries may be performed during view rendering. Explicitly configure spring.jpa.open-in-view to disable this warning
2023-08-30T12:18:13.911+05:30  INFO 18832 --- [           main] .SpringBootJpaPostgresqlApplicationTests : Started SpringBootJpaPostgresqlApplicationTests in 3.18 seconds (process running for 3.935)
]]></system-out>
  </testcase>
</testsuite>